The target system is: Linux -  - armv8-a
The host system is: Linux - 5.4.0-150-generic - x86_64
Compiling the C compiler identification source file "CMakeCCompilerId.c" succeeded.
Compiler: /opt/atk-dlrk3568-5_10_sdk-toolchain/bin/aarch64-buildroot-linux-gnu-gcc 
Build flags: 
Id flags:  

The output was:
0


Compilation of the C compiler identification source "CMakeCCompilerId.c" produced "a.out"

The C compiler identification is GNU, found in "/home/ljl/rk3568/mpp-release/examples/v4l2-rtsp/.msys000000000014c00228e6a38f22a6abec/CMakeFiles/3.10.2/CompilerIdC/a.out"

Compiling the CXX compiler identification source file "CMakeCXXCompilerId.cpp" succeeded.
Compiler: /opt/atk-dlrk3568-5_10_sdk-toolchain/bin/aarch64-buildroot-linux-gnu-g++ 
Build flags: 
Id flags:  

The output was:
0


Compilation of the CXX compiler identification source "CMakeCXXCompilerId.cpp" produced "a.out"

The CXX compiler identification is GNU, found in "/home/ljl/rk3568/mpp-release/examples/v4l2-rtsp/.msys000000000014c00228e6a38f22a6abec/CMakeFiles/3.10.2/CompilerIdCXX/a.out"

Determining if the C compiler works passed with the following output:
Change Dir: /home/ljl/rk3568/mpp-release/examples/v4l2-rtsp/.msys000000000014c00228e6a38f22a6abec/CMakeFiles/CMakeTmp

Run Build Command:"/usr/bin/make" "cmTC_7a7a2/fast"
/usr/bin/make -f CMakeFiles/cmTC_7a7a2.dir/build.make CMakeFiles/cmTC_7a7a2.dir/build
make[1]: Entering directory '/home/ljl/rk3568/mpp-release/examples/v4l2-rtsp/.msys000000000014c00228e6a38f22a6abec/CMakeFiles/CMakeTmp'
Building C object CMakeFiles/cmTC_7a7a2.dir/testCCompiler.c.o
/opt/atk-dlrk3568-5_10_sdk-toolchain/bin/aarch64-buildroot-linux-gnu-gcc -DARMLINUX -D__gnu_linux__  -fPIC -o CMakeFiles/cmTC_7a7a2.dir/testCCompiler.c.o   -c /home/ljl/rk3568/mpp-release/examples/v4l2-rtsp/.msys000000000014c00228e6a38f22a6abec/CMakeFiles/CMakeTmp/testCCompiler.c
Linking C executable cmTC_7a7a2
/usr/bin/cmake -E cmake_link_script CMakeFiles/cmTC_7a7a2.dir/link.txt --verbose=1
/opt/atk-dlrk3568-5_10_sdk-toolchain/bin/aarch64-buildroot-linux-gnu-gcc      -rdynamic CMakeFiles/cmTC_7a7a2.dir/testCCompiler.c.o  -o cmTC_7a7a2 
make[1]: Leaving directory '/home/ljl/rk3568/mpp-release/examples/v4l2-rtsp/.msys000000000014c00228e6a38f22a6abec/CMakeFiles/CMakeTmp'


Detecting C compiler ABI info compiled with the following output:
Change Dir: /home/ljl/rk3568/mpp-release/examples/v4l2-rtsp/.msys000000000014c00228e6a38f22a6abec/CMakeFiles/CMakeTmp

Run Build Command:"/usr/bin/make" "cmTC_5010a/fast"
/usr/bin/make -f CMakeFiles/cmTC_5010a.dir/build.make CMakeFiles/cmTC_5010a.dir/build
make[1]: Entering directory '/home/ljl/rk3568/mpp-release/examples/v4l2-rtsp/.msys000000000014c00228e6a38f22a6abec/CMakeFiles/CMakeTmp'
Building C object CMakeFiles/cmTC_5010a.dir/CMakeCCompilerABI.c.o
/opt/atk-dlrk3568-5_10_sdk-toolchain/bin/aarch64-buildroot-linux-gnu-gcc -DARMLINUX -D__gnu_linux__  -fPIC -o CMakeFiles/cmTC_5010a.dir/CMakeCCompilerABI.c.o   -c /usr/share/cmake-3.10/Modules/CMakeCCompilerABI.c
Linking C executable cmTC_5010a
/usr/bin/cmake -E cmake_link_script CMakeFiles/cmTC_5010a.dir/link.txt --verbose=1
/opt/atk-dlrk3568-5_10_sdk-toolchain/bin/aarch64-buildroot-linux-gnu-gcc     -v -rdynamic CMakeFiles/cmTC_5010a.dir/CMakeCCompilerABI.c.o  -o cmTC_5010a 
Using built-in specs.
COLLECT_GCC=/opt/atk-dlrk3568-5_10_sdk-toolchain/bin/aarch64-buildroot-linux-gnu-gcc.br_real
COLLECT_LTO_WRAPPER=/opt/atk-dlrk3568-5_10_sdk-toolchain/bin/../libexec/gcc/aarch64-buildroot-linux-gnu/10.4.0/lto-wrapper
Target: aarch64-buildroot-linux-gnu
Configured with: ./configure --prefix=/home/alientek/ATK-DLRK3568-5.10/buildroot/output/rockchip_atk_dlrk3568/host --sysconfdir=/home/alientek/ATK-DLRK3568-5.10/buildroot/output/rockchip_atk_dlrk3568/host/etc --enable-static --target=aarch64-buildroot-linux-gnu --with-sysroot=/home/alientek/ATK-DLRK3568-5.10/buildroot/output/rockchip_atk_dlrk3568/host/aarch64-buildroot-linux-gnu/sysroot --enable-__cxa_atexit --with-gnu-ld --disable-libssp --disable-multilib --disable-decimal-float --enable-plugins --enable-lto --with-gmp=/home/alientek/ATK-DLRK3568-5.10/buildroot/output/rockchip_atk_dlrk3568/host --with-mpc=/home/alientek/ATK-DLRK3568-5.10/buildroot/output/rockchip_atk_dlrk3568/host --with-mpfr=/home/alientek/ATK-DLRK3568-5.10/buildroot/output/rockchip_atk_dlrk3568/host --with-pkgversion='Buildroot linux-5.10-gen-rkr5.1-171-g28f581c008' --with-bugurl=http://bugs.buildroot.net/ --without-zstd --disable-libquadmath --disable-libquadmath-support --enable-tls --enable-threads --without-isl --without-cloog --with-abi=lp64 --with-cpu=cortex-a55 --enable-languages=c,c++ --with-build-time-tools=/home/alientek/ATK-DLRK3568-5.10/buildroot/output/rockchip_atk_dlrk3568/host/aarch64-buildroot-linux-gnu/bin --enable-shared --disable-libgomp
Thread model: posix
Supported LTO compression algorithms: zlib
gcc version 10.4.0 (Buildroot linux-5.10-gen-rkr5.1-171-g28f581c008) 
COMPILER_PATH=/opt/atk-dlrk3568-5_10_sdk-toolchain/bin/../libexec/gcc/aarch64-buildroot-linux-gnu/10.4.0/:/opt/atk-dlrk3568-5_10_sdk-toolchain/bin/../libexec/gcc/:/opt/atk-dlrk3568-5_10_sdk-toolchain/bin/../lib/gcc/aarch64-buildroot-linux-gnu/10.4.0/../../../../aarch64-buildroot-linux-gnu/bin/
LIBRARY_PATH=/opt/atk-dlrk3568-5_10_sdk-toolchain/bin/../lib/gcc/aarch64-buildroot-linux-gnu/10.4.0/:/opt/atk-dlrk3568-5_10_sdk-toolchain/bin/../lib/gcc/:/opt/atk-dlrk3568-5_10_sdk-toolchain/bin/../lib/gcc/aarch64-buildroot-linux-gnu/10.4.0/../../../../aarch64-buildroot-linux-gnu/lib/../lib64/:/opt/atk-dlrk3568-5_10_sdk-toolchain/aarch64-buildroot-linux-gnu/sysroot/lib/../lib64/:/opt/atk-dlrk3568-5_10_sdk-toolchain/aarch64-buildroot-linux-gnu/sysroot/usr/lib/../lib64/:/opt/atk-dlrk3568-5_10_sdk-toolchain/bin/../lib/gcc/aarch64-buildroot-linux-gnu/10.4.0/../../../../aarch64-buildroot-linux-gnu/lib/:/opt/atk-dlrk3568-5_10_sdk-toolchain/aarch64-buildroot-linux-gnu/sysroot/lib/:/opt/atk-dlrk3568-5_10_sdk-toolchain/aarch64-buildroot-linux-gnu/sysroot/usr/lib/
COLLECT_GCC_OPTIONS='-fstack-protector-strong' '-fPIE' '-pie' '-v' '-rdynamic' '-o' 'cmTC_5010a' '-mcpu=cortex-a55' '-mlittle-endian' '-mabi=lp64'
 /opt/atk-dlrk3568-5_10_sdk-toolchain/bin/../libexec/gcc/aarch64-buildroot-linux-gnu/10.4.0/collect2 -plugin /opt/atk-dlrk3568-5_10_sdk-toolchain/bin/../libexec/gcc/aarch64-buildroot-linux-gnu/10.4.0/liblto_plugin.so -plugin-opt=/opt/atk-dlrk3568-5_10_sdk-toolchain/bin/../libexec/gcc/aarch64-buildroot-linux-gnu/10.4.0/lto-wrapper -plugin-opt=-fresolution=/tmp/cc7Y8FPU.res -plugin-opt=-pass-through=-lgcc -plugin-opt=-pass-through=-lgcc_s -plugin-opt=-pass-through=-lc -plugin-opt=-pass-through=-lgcc -plugin-opt=-pass-through=-lgcc_s --sysroot=/opt/atk-dlrk3568-5_10_sdk-toolchain/aarch64-buildroot-linux-gnu/sysroot --eh-frame-hdr -export-dynamic -dynamic-linker /lib/ld-linux-aarch64.so.1 -X -EL -maarch64linux -pie -o cmTC_5010a /opt/atk-dlrk3568-5_10_sdk-toolchain/aarch64-buildroot-linux-gnu/sysroot/lib/../lib64/Scrt1.o /opt/atk-dlrk3568-5_10_sdk-toolchain/aarch64-buildroot-linux-gnu/sysroot/lib/../lib64/crti.o /opt/atk-dlrk3568-5_10_sdk-toolchain/bin/../lib/gcc/aarch64-buildroot-linux-gnu/10.4.0/crtbeginS.o -L/opt/atk-dlrk3568-5_10_sdk-toolchain/bin/../lib/gcc/aarch64-buildroot-linux-gnu/10.4.0 -L/opt/atk-dlrk3568-5_10_sdk-toolchain/bin/../lib/gcc -L/opt/atk-dlrk3568-5_10_sdk-toolchain/bin/../lib/gcc/aarch64-buildroot-linux-gnu/10.4.0/../../../../aarch64-buildroot-linux-gnu/lib/../lib64 -L/opt/atk-dlrk3568-5_10_sdk-toolchain/aarch64-buildroot-linux-gnu/sysroot/lib/../lib64 -L/opt/atk-dlrk3568-5_10_sdk-toolchain/aarch64-buildroot-linux-gnu/sysroot/usr/lib/../lib64 -L/opt/atk-dlrk3568-5_10_sdk-toolchain/bin/../lib/gcc/aarch64-buildroot-linux-gnu/10.4.0/../../../../aarch64-buildroot-linux-gnu/lib -L/opt/atk-dlrk3568-5_10_sdk-toolchain/aarch64-buildroot-linux-gnu/sysroot/lib -L/opt/atk-dlrk3568-5_10_sdk-toolchain/aarch64-buildroot-linux-gnu/sysroot/usr/lib -z max-page-size=4096 -z common-page-size=4096 -z now -z relro CMakeFiles/cmTC_5010a.dir/CMakeCCompilerABI.c.o -lgcc --push-state --as-needed -lgcc_s --pop-state -lc -lgcc --push-state --as-needed -lgcc_s --pop-state /opt/atk-dlrk3568-5_10_sdk-toolchain/bin/../lib/gcc/aarch64-buildroot-linux-gnu/10.4.0/crtendS.o /opt/atk-dlrk3568-5_10_sdk-toolchain/aarch64-buildroot-linux-gnu/sysroot/lib/../lib64/crtn.o
COLLECT_GCC_OPTIONS='-fstack-protector-strong' '-fPIE' '-pie' '-v' '-rdynamic' '-o' 'cmTC_5010a' '-mcpu=cortex-a55' '-mlittle-endian' '-mabi=lp64'
make[1]: Leaving directory '/home/ljl/rk3568/mpp-release/examples/v4l2-rtsp/.msys000000000014c00228e6a38f22a6abec/CMakeFiles/CMakeTmp'


Parsed C implicit link information from above output:
  link line regex: [^( *|.*[/\])(aarch64-buildroot-linux-gnu-ld|CMAKE_LINK_STARTFILE-NOTFOUND|([^/\]+-)?ld|collect2)[^/\]*( |$)]
  ignore line: [Change Dir: /home/ljl/rk3568/mpp-release/examples/v4l2-rtsp/.msys000000000014c00228e6a38f22a6abec/CMakeFiles/CMakeTmp]
  ignore line: []
  ignore line: [Run Build Command:"/usr/bin/make" "cmTC_5010a/fast"]
  ignore line: [/usr/bin/make -f CMakeFiles/cmTC_5010a.dir/build.make CMakeFiles/cmTC_5010a.dir/build]
  ignore line: [make[1]: Entering directory '/home/ljl/rk3568/mpp-release/examples/v4l2-rtsp/.msys000000000014c00228e6a38f22a6abec/CMakeFiles/CMakeTmp']
  ignore line: [Building C object CMakeFiles/cmTC_5010a.dir/CMakeCCompilerABI.c.o]
  ignore line: [/opt/atk-dlrk3568-5_10_sdk-toolchain/bin/aarch64-buildroot-linux-gnu-gcc -DARMLINUX -D__gnu_linux__  -fPIC -o CMakeFiles/cmTC_5010a.dir/CMakeCCompilerABI.c.o   -c /usr/share/cmake-3.10/Modules/CMakeCCompilerABI.c]
  ignore line: [Linking C executable cmTC_5010a]
  ignore line: [/usr/bin/cmake -E cmake_link_script CMakeFiles/cmTC_5010a.dir/link.txt --verbose=1]
  ignore line: [/opt/atk-dlrk3568-5_10_sdk-toolchain/bin/aarch64-buildroot-linux-gnu-gcc     -v -rdynamic CMakeFiles/cmTC_5010a.dir/CMakeCCompilerABI.c.o  -o cmTC_5010a ]
  ignore line: [Using built-in specs.]
  ignore line: [COLLECT_GCC=/opt/atk-dlrk3568-5_10_sdk-toolchain/bin/aarch64-buildroot-linux-gnu-gcc.br_real]
  ignore line: [COLLECT_LTO_WRAPPER=/opt/atk-dlrk3568-5_10_sdk-toolchain/bin/../libexec/gcc/aarch64-buildroot-linux-gnu/10.4.0/lto-wrapper]
  ignore line: [Target: aarch64-buildroot-linux-gnu]
  ignore line: [Configured with: ./configure --prefix=/home/alientek/ATK-DLRK3568-5.10/buildroot/output/rockchip_atk_dlrk3568/host --sysconfdir=/home/alientek/ATK-DLRK3568-5.10/buildroot/output/rockchip_atk_dlrk3568/host/etc --enable-static --target=aarch64-buildroot-linux-gnu --with-sysroot=/home/alientek/ATK-DLRK3568-5.10/buildroot/output/rockchip_atk_dlrk3568/host/aarch64-buildroot-linux-gnu/sysroot --enable-__cxa_atexit --with-gnu-ld --disable-libssp --disable-multilib --disable-decimal-float --enable-plugins --enable-lto --with-gmp=/home/alientek/ATK-DLRK3568-5.10/buildroot/output/rockchip_atk_dlrk3568/host --with-mpc=/home/alientek/ATK-DLRK3568-5.10/buildroot/output/rockchip_atk_dlrk3568/host --with-mpfr=/home/alientek/ATK-DLRK3568-5.10/buildroot/output/rockchip_atk_dlrk3568/host --with-pkgversion='Buildroot linux-5.10-gen-rkr5.1-171-g28f581c008' --with-bugurl=http://bugs.buildroot.net/ --without-zstd --disable-libquadmath --disable-libquadmath-support --enable-tls --enable-threads --without-isl --without-cloog --with-abi=lp64 --with-cpu=cortex-a55 --enable-languages=c,c++ --with-build-time-tools=/home/alientek/ATK-DLRK3568-5.10/buildroot/output/rockchip_atk_dlrk3568/host/aarch64-buildroot-linux-gnu/bin --enable-shared --disable-libgomp]
  ignore line: [Thread model: posix]
  ignore line: [Supported LTO compression algorithms: zlib]
  ignore line: [gcc version 10.4.0 (Buildroot linux-5.10-gen-rkr5.1-171-g28f581c008) ]
  ignore line: [COMPILER_PATH=/opt/atk-dlrk3568-5_10_sdk-toolchain/bin/../libexec/gcc/aarch64-buildroot-linux-gnu/10.4.0/:/opt/atk-dlrk3568-5_10_sdk-toolchain/bin/../libexec/gcc/:/opt/atk-dlrk3568-5_10_sdk-toolchain/bin/../lib/gcc/aarch64-buildroot-linux-gnu/10.4.0/../../../../aarch64-buildroot-linux-gnu/bin/]
  ignore line: [LIBRARY_PATH=/opt/atk-dlrk3568-5_10_sdk-toolchain/bin/../lib/gcc/aarch64-buildroot-linux-gnu/10.4.0/:/opt/atk-dlrk3568-5_10_sdk-toolchain/bin/../lib/gcc/:/opt/atk-dlrk3568-5_10_sdk-toolchain/bin/../lib/gcc/aarch64-buildroot-linux-gnu/10.4.0/../../../../aarch64-buildroot-linux-gnu/lib/../lib64/:/opt/atk-dlrk3568-5_10_sdk-toolchain/aarch64-buildroot-linux-gnu/sysroot/lib/../lib64/:/opt/atk-dlrk3568-5_10_sdk-toolchain/aarch64-buildroot-linux-gnu/sysroot/usr/lib/../lib64/:/opt/atk-dlrk3568-5_10_sdk-toolchain/bin/../lib/gcc/aarch64-buildroot-linux-gnu/10.4.0/../../../../aarch64-buildroot-linux-gnu/lib/:/opt/atk-dlrk3568-5_10_sdk-toolchain/aarch64-buildroot-linux-gnu/sysroot/lib/:/opt/atk-dlrk3568-5_10_sdk-toolchain/aarch64-buildroot-linux-gnu/sysroot/usr/lib/]
  ignore line: [COLLECT_GCC_OPTIONS='-fstack-protector-strong' '-fPIE' '-pie' '-v' '-rdynamic' '-o' 'cmTC_5010a' '-mcpu=cortex-a55' '-mlittle-endian' '-mabi=lp64']
  link line: [ /opt/atk-dlrk3568-5_10_sdk-toolchain/bin/../libexec/gcc/aarch64-buildroot-linux-gnu/10.4.0/collect2 -plugin /opt/atk-dlrk3568-5_10_sdk-toolchain/bin/../libexec/gcc/aarch64-buildroot-linux-gnu/10.4.0/liblto_plugin.so -plugin-opt=/opt/atk-dlrk3568-5_10_sdk-toolchain/bin/../libexec/gcc/aarch64-buildroot-linux-gnu/10.4.0/lto-wrapper -plugin-opt=-fresolution=/tmp/cc7Y8FPU.res -plugin-opt=-pass-through=-lgcc -plugin-opt=-pass-through=-lgcc_s -plugin-opt=-pass-through=-lc -plugin-opt=-pass-through=-lgcc -plugin-opt=-pass-through=-lgcc_s --sysroot=/opt/atk-dlrk3568-5_10_sdk-toolchain/aarch64-buildroot-linux-gnu/sysroot --eh-frame-hdr -export-dynamic -dynamic-linker /lib/ld-linux-aarch64.so.1 -X -EL -maarch64linux -pie -o cmTC_5010a /opt/atk-dlrk3568-5_10_sdk-toolchain/aarch64-buildroot-linux-gnu/sysroot/lib/../lib64/Scrt1.o /opt/atk-dlrk3568-5_10_sdk-toolchain/aarch64-buildroot-linux-gnu/sysroot/lib/../lib64/crti.o /opt/atk-dlrk3568-5_10_sdk-toolchain/bin/../lib/gcc/aarch64-buildroot-linux-gnu/10.4.0/crtbeginS.o -L/opt/atk-dlrk3568-5_10_sdk-toolchain/bin/../lib/gcc/aarch64-buildroot-linux-gnu/10.4.0 -L/opt/atk-dlrk3568-5_10_sdk-toolchain/bin/../lib/gcc -L/opt/atk-dlrk3568-5_10_sdk-toolchain/bin/../lib/gcc/aarch64-buildroot-linux-gnu/10.4.0/../../../../aarch64-buildroot-linux-gnu/lib/../lib64 -L/opt/atk-dlrk3568-5_10_sdk-toolchain/aarch64-buildroot-linux-gnu/sysroot/lib/../lib64 -L/opt/atk-dlrk3568-5_10_sdk-toolchain/aarch64-buildroot-linux-gnu/sysroot/usr/lib/../lib64 -L/opt/atk-dlrk3568-5_10_sdk-toolchain/bin/../lib/gcc/aarch64-buildroot-linux-gnu/10.4.0/../../../../aarch64-buildroot-linux-gnu/lib -L/opt/atk-dlrk3568-5_10_sdk-toolchain/aarch64-buildroot-linux-gnu/sysroot/lib -L/opt/atk-dlrk3568-5_10_sdk-toolchain/aarch64-buildroot-linux-gnu/sysroot/usr/lib -z max-page-size=4096 -z common-page-size=4096 -z now -z relro CMakeFiles/cmTC_5010a.dir/CMakeCCompilerABI.c.o -lgcc --push-state --as-needed -lgcc_s --pop-state -lc -lgcc --push-state --as-needed -lgcc_s --pop-state /opt/atk-dlrk3568-5_10_sdk-toolchain/bin/../lib/gcc/aarch64-buildroot-linux-gnu/10.4.0/crtendS.o /opt/atk-dlrk3568-5_10_sdk-toolchain/aarch64-buildroot-linux-gnu/sysroot/lib/../lib64/crtn.o]
    arg [/opt/atk-dlrk3568-5_10_sdk-toolchain/bin/../libexec/gcc/aarch64-buildroot-linux-gnu/10.4.0/collect2] ==> ignore
    arg [-plugin] ==> ignore
    arg [/opt/atk-dlrk3568-5_10_sdk-toolchain/bin/../libexec/gcc/aarch64-buildroot-linux-gnu/10.4.0/liblto_plugin.so] ==> ignore
    arg [-plugin-opt=/opt/atk-dlrk3568-5_10_sdk-toolchain/bin/../libexec/gcc/aarch64-buildroot-linux-gnu/10.4.0/lto-wrapper] ==> ignore
    arg [-plugin-opt=-fresolution=/tmp/cc7Y8FPU.res] ==> ignore
    arg [-plugin-opt=-pass-through=-lgcc] ==> ignore
    arg [-plugin-opt=-pass-through=-lgcc_s] ==> ignore
    arg [-plugin-opt=-pass-through=-lc] ==> ignore
    arg [-plugin-opt=-pass-through=-lgcc] ==> ignore
    arg [-plugin-opt=-pass-through=-lgcc_s] ==> ignore
    arg [--sysroot=/opt/atk-dlrk3568-5_10_sdk-toolchain/aarch64-buildroot-linux-gnu/sysroot] ==> ignore
    arg [--eh-frame-hdr] ==> ignore
    arg [-export-dynamic] ==> ignore
    arg [-dynamic-linker] ==> ignore
    arg [/lib/ld-linux-aarch64.so.1] ==> ignore
    arg [-X] ==> ignore
    arg [-EL] ==> ignore
    arg [-maarch64linux] ==> ignore
    arg [-pie] ==> ignore
    arg [-o] ==> ignore
    arg [cmTC_5010a] ==> ignore
    arg [/opt/atk-dlrk3568-5_10_sdk-toolchain/aarch64-buildroot-linux-gnu/sysroot/lib/../lib64/Scrt1.o] ==> ignore
    arg [/opt/atk-dlrk3568-5_10_sdk-toolchain/aarch64-buildroot-linux-gnu/sysroot/lib/../lib64/crti.o] ==> ignore
    arg [/opt/atk-dlrk3568-5_10_sdk-toolchain/bin/../lib/gcc/aarch64-buildroot-linux-gnu/10.4.0/crtbeginS.o] ==> ignore
    arg [-L/opt/atk-dlrk3568-5_10_sdk-toolchain/bin/../lib/gcc/aarch64-buildroot-linux-gnu/10.4.0] ==> dir [/opt/atk-dlrk3568-5_10_sdk-toolchain/bin/../lib/gcc/aarch64-buildroot-linux-gnu/10.4.0]
    arg [-L/opt/atk-dlrk3568-5_10_sdk-toolchain/bin/../lib/gcc] ==> dir [/opt/atk-dlrk3568-5_10_sdk-toolchain/bin/../lib/gcc]
    arg [-L/opt/atk-dlrk3568-5_10_sdk-toolchain/bin/../lib/gcc/aarch64-buildroot-linux-gnu/10.4.0/../../../../aarch64-buildroot-linux-gnu/lib/../lib64] ==> dir [/opt/atk-dlrk3568-5_10_sdk-toolchain/bin/../lib/gcc/aarch64-buildroot-linux-gnu/10.4.0/../../../../aarch64-buildroot-linux-gnu/lib/../lib64]
    arg [-L/opt/atk-dlrk3568-5_10_sdk-toolchain/aarch64-buildroot-linux-gnu/sysroot/lib/../lib64] ==> dir [/opt/atk-dlrk3568-5_10_sdk-toolchain/aarch64-buildroot-linux-gnu/sysroot/lib/../lib64]
    arg [-L/opt/atk-dlrk3568-5_10_sdk-toolchain/aarch64-buildroot-linux-gnu/sysroot/usr/lib/../lib64] ==> dir [/opt/atk-dlrk3568-5_10_sdk-toolchain/aarch64-buildroot-linux-gnu/sysroot/usr/lib/../lib64]
    arg [-L/opt/atk-dlrk3568-5_10_sdk-toolchain/bin/../lib/gcc/aarch64-buildroot-linux-gnu/10.4.0/../../../../aarch64-buildroot-linux-gnu/lib] ==> dir [/opt/atk-dlrk3568-5_10_sdk-toolchain/bin/../lib/gcc/aarch64-buildroot-linux-gnu/10.4.0/../../../../aarch64-buildroot-linux-gnu/lib]
    arg [-L/opt/atk-dlrk3568-5_10_sdk-toolchain/aarch64-buildroot-linux-gnu/sysroot/lib] ==> dir [/opt/atk-dlrk3568-5_10_sdk-toolchain/aarch64-buildroot-linux-gnu/sysroot/lib]
    arg [-L/opt/atk-dlrk3568-5_10_sdk-toolchain/aarch64-buildroot-linux-gnu/sysroot/usr/lib] ==> dir [/opt/atk-dlrk3568-5_10_sdk-toolchain/aarch64-buildroot-linux-gnu/sysroot/usr/lib]
    arg [-zmax-page-size=4096] ==> ignore
    arg [-zcommon-page-size=4096] ==> ignore
    arg [-znow] ==> ignore
    arg [-zrelro] ==> ignore
    arg [CMakeFiles/cmTC_5010a.dir/CMakeCCompilerABI.c.o] ==> ignore
    arg [-lgcc] ==> lib [gcc]
    arg [--push-state] ==> ignore
    arg [--as-needed] ==> ignore
    arg [-lgcc_s] ==> lib [gcc_s]
    arg [--pop-state] ==> ignore
    arg [-lc] ==> lib [c]
    arg [-lgcc] ==> lib [gcc]
    arg [--push-state] ==> ignore
    arg [--as-needed] ==> ignore
    arg [-lgcc_s] ==> lib [gcc_s]
    arg [--pop-state] ==> ignore
    arg [/opt/atk-dlrk3568-5_10_sdk-toolchain/bin/../lib/gcc/aarch64-buildroot-linux-gnu/10.4.0/crtendS.o] ==> ignore
    arg [/opt/atk-dlrk3568-5_10_sdk-toolchain/aarch64-buildroot-linux-gnu/sysroot/lib/../lib64/crtn.o] ==> ignore
  collapse library dir [/opt/atk-dlrk3568-5_10_sdk-toolchain/bin/../lib/gcc/aarch64-buildroot-linux-gnu/10.4.0] ==> [/opt/atk-dlrk3568-5_10_sdk-toolchain/lib/gcc/aarch64-buildroot-linux-gnu/10.4.0]
  collapse library dir [/opt/atk-dlrk3568-5_10_sdk-toolchain/bin/../lib/gcc] ==> [/opt/atk-dlrk3568-5_10_sdk-toolchain/lib/gcc]
  collapse library dir [/opt/atk-dlrk3568-5_10_sdk-toolchain/bin/../lib/gcc/aarch64-buildroot-linux-gnu/10.4.0/../../../../aarch64-buildroot-linux-gnu/lib/../lib64] ==> [/opt/atk-dlrk3568-5_10_sdk-toolchain/aarch64-buildroot-linux-gnu/lib64]
  collapse library dir [/opt/atk-dlrk3568-5_10_sdk-toolchain/aarch64-buildroot-linux-gnu/sysroot/lib/../lib64] ==> [/opt/atk-dlrk3568-5_10_sdk-toolchain/aarch64-buildroot-linux-gnu/sysroot/lib64]
  collapse library dir [/opt/atk-dlrk3568-5_10_sdk-toolchain/aarch64-buildroot-linux-gnu/sysroot/usr/lib/../lib64] ==> [/opt/atk-dlrk3568-5_10_sdk-toolchain/aarch64-buildroot-linux-gnu/sysroot/usr/lib64]
  collapse library dir [/opt/atk-dlrk3568-5_10_sdk-toolchain/bin/../lib/gcc/aarch64-buildroot-linux-gnu/10.4.0/../../../../aarch64-buildroot-linux-gnu/lib] ==> [/opt/atk-dlrk3568-5_10_sdk-toolchain/aarch64-buildroot-linux-gnu/lib]
  collapse library dir [/opt/atk-dlrk3568-5_10_sdk-toolchain/aarch64-buildroot-linux-gnu/sysroot/lib] ==> [/opt/atk-dlrk3568-5_10_sdk-toolchain/aarch64-buildroot-linux-gnu/sysroot/lib]
  collapse library dir [/opt/atk-dlrk3568-5_10_sdk-toolchain/aarch64-buildroot-linux-gnu/sysroot/usr/lib] ==> [/opt/atk-dlrk3568-5_10_sdk-toolchain/aarch64-buildroot-linux-gnu/sysroot/usr/lib]
  implicit libs: [gcc;gcc_s;c;gcc;gcc_s]
  implicit dirs: [/opt/atk-dlrk3568-5_10_sdk-toolchain/lib/gcc/aarch64-buildroot-linux-gnu/10.4.0;/opt/atk-dlrk3568-5_10_sdk-toolchain/lib/gcc;/opt/atk-dlrk3568-5_10_sdk-toolchain/aarch64-buildroot-linux-gnu/lib64;/opt/atk-dlrk3568-5_10_sdk-toolchain/aarch64-buildroot-linux-gnu/sysroot/lib64;/opt/atk-dlrk3568-5_10_sdk-toolchain/aarch64-buildroot-linux-gnu/sysroot/usr/lib64;/opt/atk-dlrk3568-5_10_sdk-toolchain/aarch64-buildroot-linux-gnu/lib;/opt/atk-dlrk3568-5_10_sdk-toolchain/aarch64-buildroot-linux-gnu/sysroot/lib;/opt/atk-dlrk3568-5_10_sdk-toolchain/aarch64-buildroot-linux-gnu/sysroot/usr/lib]
  implicit fwks: []




Detecting C [-std=c11] compiler features compiled with the following output:
Change Dir: /home/ljl/rk3568/mpp-release/examples/v4l2-rtsp/.msys000000000014c00228e6a38f22a6abec/CMakeFiles/CMakeTmp

Run Build Command:"/usr/bin/make" "cmTC_98ca4/fast"
/usr/bin/make -f CMakeFiles/cmTC_98ca4.dir/build.make CMakeFiles/cmTC_98ca4.dir/build
make[1]: Entering directory '/home/ljl/rk3568/mpp-release/examples/v4l2-rtsp/.msys000000000014c00228e6a38f22a6abec/CMakeFiles/CMakeTmp'
Building C object CMakeFiles/cmTC_98ca4.dir/feature_tests.c.o
/opt/atk-dlrk3568-5_10_sdk-toolchain/bin/aarch64-buildroot-linux-gnu-gcc -DARMLINUX -D__gnu_linux__  -fPIC -std=c11 -o CMakeFiles/cmTC_98ca4.dir/feature_tests.c.o   -c /home/ljl/rk3568/mpp-release/examples/v4l2-rtsp/.msys000000000014c00228e6a38f22a6abec/CMakeFiles/feature_tests.c
Linking C executable cmTC_98ca4
/usr/bin/cmake -E cmake_link_script CMakeFiles/cmTC_98ca4.dir/link.txt --verbose=1
/opt/atk-dlrk3568-5_10_sdk-toolchain/bin/aarch64-buildroot-linux-gnu-gcc      -rdynamic CMakeFiles/cmTC_98ca4.dir/feature_tests.c.o  -o cmTC_98ca4 
make[1]: Leaving directory '/home/ljl/rk3568/mpp-release/examples/v4l2-rtsp/.msys000000000014c00228e6a38f22a6abec/CMakeFiles/CMakeTmp'


    Feature record: C_FEATURE:1c_function_prototypes
    Feature record: C_FEATURE:1c_restrict
    Feature record: C_FEATURE:1c_static_assert
    Feature record: C_FEATURE:1c_variadic_macros


Detecting C [-std=c99] compiler features compiled with the following output:
Change Dir: /home/ljl/rk3568/mpp-release/examples/v4l2-rtsp/.msys000000000014c00228e6a38f22a6abec/CMakeFiles/CMakeTmp

Run Build Command:"/usr/bin/make" "cmTC_dc946/fast"
/usr/bin/make -f CMakeFiles/cmTC_dc946.dir/build.make CMakeFiles/cmTC_dc946.dir/build
make[1]: Entering directory '/home/ljl/rk3568/mpp-release/examples/v4l2-rtsp/.msys000000000014c00228e6a38f22a6abec/CMakeFiles/CMakeTmp'
Building C object CMakeFiles/cmTC_dc946.dir/feature_tests.c.o
/opt/atk-dlrk3568-5_10_sdk-toolchain/bin/aarch64-buildroot-linux-gnu-gcc -DARMLINUX -D__gnu_linux__  -fPIC -std=c99 -o CMakeFiles/cmTC_dc946.dir/feature_tests.c.o   -c /home/ljl/rk3568/mpp-release/examples/v4l2-rtsp/.msys000000000014c00228e6a38f22a6abec/CMakeFiles/feature_tests.c
Linking C executable cmTC_dc946
/usr/bin/cmake -E cmake_link_script CMakeFiles/cmTC_dc946.dir/link.txt --verbose=1
/opt/atk-dlrk3568-5_10_sdk-toolchain/bin/aarch64-buildroot-linux-gnu-gcc      -rdynamic CMakeFiles/cmTC_dc946.dir/feature_tests.c.o  -o cmTC_dc946 
make[1]: Leaving directory '/home/ljl/rk3568/mpp-release/examples/v4l2-rtsp/.msys000000000014c00228e6a38f22a6abec/CMakeFiles/CMakeTmp'


    Feature record: C_FEATURE:1c_function_prototypes
    Feature record: C_FEATURE:1c_restrict
    Feature record: C_FEATURE:0c_static_assert
    Feature record: C_FEATURE:1c_variadic_macros


Detecting C [-std=c90] compiler features compiled with the following output:
Change Dir: /home/ljl/rk3568/mpp-release/examples/v4l2-rtsp/.msys000000000014c00228e6a38f22a6abec/CMakeFiles/CMakeTmp

Run Build Command:"/usr/bin/make" "cmTC_30230/fast"
/usr/bin/make -f CMakeFiles/cmTC_30230.dir/build.make CMakeFiles/cmTC_30230.dir/build
make[1]: Entering directory '/home/ljl/rk3568/mpp-release/examples/v4l2-rtsp/.msys000000000014c00228e6a38f22a6abec/CMakeFiles/CMakeTmp'
Building C object CMakeFiles/cmTC_30230.dir/feature_tests.c.o
/opt/atk-dlrk3568-5_10_sdk-toolchain/bin/aarch64-buildroot-linux-gnu-gcc -DARMLINUX -D__gnu_linux__  -fPIC -std=c90 -o CMakeFiles/cmTC_30230.dir/feature_tests.c.o   -c /home/ljl/rk3568/mpp-release/examples/v4l2-rtsp/.msys000000000014c00228e6a38f22a6abec/CMakeFiles/feature_tests.c
Linking C executable cmTC_30230
/usr/bin/cmake -E cmake_link_script CMakeFiles/cmTC_30230.dir/link.txt --verbose=1
/opt/atk-dlrk3568-5_10_sdk-toolchain/bin/aarch64-buildroot-linux-gnu-gcc      -rdynamic CMakeFiles/cmTC_30230.dir/feature_tests.c.o  -o cmTC_30230 
make[1]: Leaving directory '/home/ljl/rk3568/mpp-release/examples/v4l2-rtsp/.msys000000000014c00228e6a38f22a6abec/CMakeFiles/CMakeTmp'


    Feature record: C_FEATURE:1c_function_prototypes
    Feature record: C_FEATURE:0c_restrict
    Feature record: C_FEATURE:0c_static_assert
    Feature record: C_FEATURE:0c_variadic_macros
Determining if the CXX compiler works passed with the following output:
Change Dir: /home/ljl/rk3568/mpp-release/examples/v4l2-rtsp/.msys000000000014c00228e6a38f22a6abec/CMakeFiles/CMakeTmp

Run Build Command:"/usr/bin/make" "cmTC_f1560/fast"
/usr/bin/make -f CMakeFiles/cmTC_f1560.dir/build.make CMakeFiles/cmTC_f1560.dir/build
make[1]: Entering directory '/home/ljl/rk3568/mpp-release/examples/v4l2-rtsp/.msys000000000014c00228e6a38f22a6abec/CMakeFiles/CMakeTmp'
Building CXX object CMakeFiles/cmTC_f1560.dir/testCXXCompiler.cxx.o
/opt/atk-dlrk3568-5_10_sdk-toolchain/bin/aarch64-buildroot-linux-gnu-g++  -DARMLINUX -D__gnu_linux__  -fPIC -o CMakeFiles/cmTC_f1560.dir/testCXXCompiler.cxx.o -c /home/ljl/rk3568/mpp-release/examples/v4l2-rtsp/.msys000000000014c00228e6a38f22a6abec/CMakeFiles/CMakeTmp/testCXXCompiler.cxx
Linking CXX executable cmTC_f1560
/usr/bin/cmake -E cmake_link_script CMakeFiles/cmTC_f1560.dir/link.txt --verbose=1
/opt/atk-dlrk3568-5_10_sdk-toolchain/bin/aarch64-buildroot-linux-gnu-g++       -rdynamic CMakeFiles/cmTC_f1560.dir/testCXXCompiler.cxx.o  -o cmTC_f1560 
make[1]: Leaving directory '/home/ljl/rk3568/mpp-release/examples/v4l2-rtsp/.msys000000000014c00228e6a38f22a6abec/CMakeFiles/CMakeTmp'


Detecting CXX compiler ABI info compiled with the following output:
Change Dir: /home/ljl/rk3568/mpp-release/examples/v4l2-rtsp/.msys000000000014c00228e6a38f22a6abec/CMakeFiles/CMakeTmp

Run Build Command:"/usr/bin/make" "cmTC_8393d/fast"
/usr/bin/make -f CMakeFiles/cmTC_8393d.dir/build.make CMakeFiles/cmTC_8393d.dir/build
make[1]: Entering directory '/home/ljl/rk3568/mpp-release/examples/v4l2-rtsp/.msys000000000014c00228e6a38f22a6abec/CMakeFiles/CMakeTmp'
Building CXX object CMakeFiles/cmTC_8393d.dir/CMakeCXXCompilerABI.cpp.o
/opt/atk-dlrk3568-5_10_sdk-toolchain/bin/aarch64-buildroot-linux-gnu-g++  -DARMLINUX -D__gnu_linux__  -fPIC -o CMakeFiles/cmTC_8393d.dir/CMakeCXXCompilerABI.cpp.o -c /usr/share/cmake-3.10/Modules/CMakeCXXCompilerABI.cpp
Linking CXX executable cmTC_8393d
/usr/bin/cmake -E cmake_link_script CMakeFiles/cmTC_8393d.dir/link.txt --verbose=1
/opt/atk-dlrk3568-5_10_sdk-toolchain/bin/aarch64-buildroot-linux-gnu-g++      -v -rdynamic CMakeFiles/cmTC_8393d.dir/CMakeCXXCompilerABI.cpp.o  -o cmTC_8393d 
Using built-in specs.
COLLECT_GCC=/opt/atk-dlrk3568-5_10_sdk-toolchain/bin/aarch64-buildroot-linux-gnu-g++.br_real
COLLECT_LTO_WRAPPER=/opt/atk-dlrk3568-5_10_sdk-toolchain/bin/../libexec/gcc/aarch64-buildroot-linux-gnu/10.4.0/lto-wrapper
Target: aarch64-buildroot-linux-gnu
Configured with: ./configure --prefix=/home/alientek/ATK-DLRK3568-5.10/buildroot/output/rockchip_atk_dlrk3568/host --sysconfdir=/home/alientek/ATK-DLRK3568-5.10/buildroot/output/rockchip_atk_dlrk3568/host/etc --enable-static --target=aarch64-buildroot-linux-gnu --with-sysroot=/home/alientek/ATK-DLRK3568-5.10/buildroot/output/rockchip_atk_dlrk3568/host/aarch64-buildroot-linux-gnu/sysroot --enable-__cxa_atexit --with-gnu-ld --disable-libssp --disable-multilib --disable-decimal-float --enable-plugins --enable-lto --with-gmp=/home/alientek/ATK-DLRK3568-5.10/buildroot/output/rockchip_atk_dlrk3568/host --with-mpc=/home/alientek/ATK-DLRK3568-5.10/buildroot/output/rockchip_atk_dlrk3568/host --with-mpfr=/home/alientek/ATK-DLRK3568-5.10/buildroot/output/rockchip_atk_dlrk3568/host --with-pkgversion='Buildroot linux-5.10-gen-rkr5.1-171-g28f581c008' --with-bugurl=http://bugs.buildroot.net/ --without-zstd --disable-libquadmath --disable-libquadmath-support --enable-tls --enable-threads --without-isl --without-cloog --with-abi=lp64 --with-cpu=cortex-a55 --enable-languages=c,c++ --with-build-time-tools=/home/alientek/ATK-DLRK3568-5.10/buildroot/output/rockchip_atk_dlrk3568/host/aarch64-buildroot-linux-gnu/bin --enable-shared --disable-libgomp
Thread model: posix
Supported LTO compression algorithms: zlib
gcc version 10.4.0 (Buildroot linux-5.10-gen-rkr5.1-171-g28f581c008) 
COMPILER_PATH=/opt/atk-dlrk3568-5_10_sdk-toolchain/bin/../libexec/gcc/aarch64-buildroot-linux-gnu/10.4.0/:/opt/atk-dlrk3568-5_10_sdk-toolchain/bin/../libexec/gcc/:/opt/atk-dlrk3568-5_10_sdk-toolchain/bin/../lib/gcc/aarch64-buildroot-linux-gnu/10.4.0/../../../../aarch64-buildroot-linux-gnu/bin/
LIBRARY_PATH=/opt/atk-dlrk3568-5_10_sdk-toolchain/bin/../lib/gcc/aarch64-buildroot-linux-gnu/10.4.0/:/opt/atk-dlrk3568-5_10_sdk-toolchain/bin/../lib/gcc/:/opt/atk-dlrk3568-5_10_sdk-toolchain/bin/../lib/gcc/aarch64-buildroot-linux-gnu/10.4.0/../../../../aarch64-buildroot-linux-gnu/lib/../lib64/:/opt/atk-dlrk3568-5_10_sdk-toolchain/aarch64-buildroot-linux-gnu/sysroot/lib/../lib64/:/opt/atk-dlrk3568-5_10_sdk-toolchain/aarch64-buildroot-linux-gnu/sysroot/usr/lib/../lib64/:/opt/atk-dlrk3568-5_10_sdk-toolchain/bin/../lib/gcc/aarch64-buildroot-linux-gnu/10.4.0/../../../../aarch64-buildroot-linux-gnu/lib/:/opt/atk-dlrk3568-5_10_sdk-toolchain/aarch64-buildroot-linux-gnu/sysroot/lib/:/opt/atk-dlrk3568-5_10_sdk-toolchain/aarch64-buildroot-linux-gnu/sysroot/usr/lib/
COLLECT_GCC_OPTIONS='-fstack-protector-strong' '-fPIE' '-pie' '-v' '-rdynamic' '-o' 'cmTC_8393d' '-shared-libgcc' '-mcpu=cortex-a55' '-mlittle-endian' '-mabi=lp64'
 /opt/atk-dlrk3568-5_10_sdk-toolchain/bin/../libexec/gcc/aarch64-buildroot-linux-gnu/10.4.0/collect2 -plugin /opt/atk-dlrk3568-5_10_sdk-toolchain/bin/../libexec/gcc/aarch64-buildroot-linux-gnu/10.4.0/liblto_plugin.so -plugin-opt=/opt/atk-dlrk3568-5_10_sdk-toolchain/bin/../libexec/gcc/aarch64-buildroot-linux-gnu/10.4.0/lto-wrapper -plugin-opt=-fresolution=/tmp/ccUNYIYh.res -plugin-opt=-pass-through=-lgcc_s -plugin-opt=-pass-through=-lgcc -plugin-opt=-pass-through=-lc -plugin-opt=-pass-through=-lgcc_s -plugin-opt=-pass-through=-lgcc --sysroot=/opt/atk-dlrk3568-5_10_sdk-toolchain/aarch64-buildroot-linux-gnu/sysroot --eh-frame-hdr -export-dynamic -dynamic-linker /lib/ld-linux-aarch64.so.1 -X -EL -maarch64linux -pie -o cmTC_8393d /opt/atk-dlrk3568-5_10_sdk-toolchain/aarch64-buildroot-linux-gnu/sysroot/lib/../lib64/Scrt1.o /opt/atk-dlrk3568-5_10_sdk-toolchain/aarch64-buildroot-linux-gnu/sysroot/lib/../lib64/crti.o /opt/atk-dlrk3568-5_10_sdk-toolchain/bin/../lib/gcc/aarch64-buildroot-linux-gnu/10.4.0/crtbeginS.o -L/opt/atk-dlrk3568-5_10_sdk-toolchain/bin/../lib/gcc/aarch64-buildroot-linux-gnu/10.4.0 -L/opt/atk-dlrk3568-5_10_sdk-toolchain/bin/../lib/gcc -L/opt/atk-dlrk3568-5_10_sdk-toolchain/bin/../lib/gcc/aarch64-buildroot-linux-gnu/10.4.0/../../../../aarch64-buildroot-linux-gnu/lib/../lib64 -L/opt/atk-dlrk3568-5_10_sdk-toolchain/aarch64-buildroot-linux-gnu/sysroot/lib/../lib64 -L/opt/atk-dlrk3568-5_10_sdk-toolchain/aarch64-buildroot-linux-gnu/sysroot/usr/lib/../lib64 -L/opt/atk-dlrk3568-5_10_sdk-toolchain/bin/../lib/gcc/aarch64-buildroot-linux-gnu/10.4.0/../../../../aarch64-buildroot-linux-gnu/lib -L/opt/atk-dlrk3568-5_10_sdk-toolchain/aarch64-buildroot-linux-gnu/sysroot/lib -L/opt/atk-dlrk3568-5_10_sdk-toolchain/aarch64-buildroot-linux-gnu/sysroot/usr/lib -z max-page-size=4096 -z common-page-size=4096 -z now -z relro CMakeFiles/cmTC_8393d.dir/CMakeCXXCompilerABI.cpp.o -lstdc++ -lm -lgcc_s -lgcc -lc -lgcc_s -lgcc /opt/atk-dlrk3568-5_10_sdk-toolchain/bin/../lib/gcc/aarch64-buildroot-linux-gnu/10.4.0/crtendS.o /opt/atk-dlrk3568-5_10_sdk-toolchain/aarch64-buildroot-linux-gnu/sysroot/lib/../lib64/crtn.o
COLLECT_GCC_OPTIONS='-fstack-protector-strong' '-fPIE' '-pie' '-v' '-rdynamic' '-o' 'cmTC_8393d' '-shared-libgcc' '-mcpu=cortex-a55' '-mlittle-endian' '-mabi=lp64'
make[1]: Leaving directory '/home/ljl/rk3568/mpp-release/examples/v4l2-rtsp/.msys000000000014c00228e6a38f22a6abec/CMakeFiles/CMakeTmp'


Parsed CXX implicit link information from above output:
  link line regex: [^( *|.*[/\])(aarch64-buildroot-linux-gnu-ld|CMAKE_LINK_STARTFILE-NOTFOUND|([^/\]+-)?ld|collect2)[^/\]*( |$)]
  ignore line: [Change Dir: /home/ljl/rk3568/mpp-release/examples/v4l2-rtsp/.msys000000000014c00228e6a38f22a6abec/CMakeFiles/CMakeTmp]
  ignore line: []
  ignore line: [Run Build Command:"/usr/bin/make" "cmTC_8393d/fast"]
  ignore line: [/usr/bin/make -f CMakeFiles/cmTC_8393d.dir/build.make CMakeFiles/cmTC_8393d.dir/build]
  ignore line: [make[1]: Entering directory '/home/ljl/rk3568/mpp-release/examples/v4l2-rtsp/.msys000000000014c00228e6a38f22a6abec/CMakeFiles/CMakeTmp']
  ignore line: [Building CXX object CMakeFiles/cmTC_8393d.dir/CMakeCXXCompilerABI.cpp.o]
  ignore line: [/opt/atk-dlrk3568-5_10_sdk-toolchain/bin/aarch64-buildroot-linux-gnu-g++  -DARMLINUX -D__gnu_linux__  -fPIC -o CMakeFiles/cmTC_8393d.dir/CMakeCXXCompilerABI.cpp.o -c /usr/share/cmake-3.10/Modules/CMakeCXXCompilerABI.cpp]
  ignore line: [Linking CXX executable cmTC_8393d]
  ignore line: [/usr/bin/cmake -E cmake_link_script CMakeFiles/cmTC_8393d.dir/link.txt --verbose=1]
  ignore line: [/opt/atk-dlrk3568-5_10_sdk-toolchain/bin/aarch64-buildroot-linux-gnu-g++      -v -rdynamic CMakeFiles/cmTC_8393d.dir/CMakeCXXCompilerABI.cpp.o  -o cmTC_8393d ]
  ignore line: [Using built-in specs.]
  ignore line: [COLLECT_GCC=/opt/atk-dlrk3568-5_10_sdk-toolchain/bin/aarch64-buildroot-linux-gnu-g++.br_real]
  ignore line: [COLLECT_LTO_WRAPPER=/opt/atk-dlrk3568-5_10_sdk-toolchain/bin/../libexec/gcc/aarch64-buildroot-linux-gnu/10.4.0/lto-wrapper]
  ignore line: [Target: aarch64-buildroot-linux-gnu]
  ignore line: [Configured with: ./configure --prefix=/home/alientek/ATK-DLRK3568-5.10/buildroot/output/rockchip_atk_dlrk3568/host --sysconfdir=/home/alientek/ATK-DLRK3568-5.10/buildroot/output/rockchip_atk_dlrk3568/host/etc --enable-static --target=aarch64-buildroot-linux-gnu --with-sysroot=/home/alientek/ATK-DLRK3568-5.10/buildroot/output/rockchip_atk_dlrk3568/host/aarch64-buildroot-linux-gnu/sysroot --enable-__cxa_atexit --with-gnu-ld --disable-libssp --disable-multilib --disable-decimal-float --enable-plugins --enable-lto --with-gmp=/home/alientek/ATK-DLRK3568-5.10/buildroot/output/rockchip_atk_dlrk3568/host --with-mpc=/home/alientek/ATK-DLRK3568-5.10/buildroot/output/rockchip_atk_dlrk3568/host --with-mpfr=/home/alientek/ATK-DLRK3568-5.10/buildroot/output/rockchip_atk_dlrk3568/host --with-pkgversion='Buildroot linux-5.10-gen-rkr5.1-171-g28f581c008' --with-bugurl=http://bugs.buildroot.net/ --without-zstd --disable-libquadmath --disable-libquadmath-support --enable-tls --enable-threads --without-isl --without-cloog --with-abi=lp64 --with-cpu=cortex-a55 --enable-languages=c,c++ --with-build-time-tools=/home/alientek/ATK-DLRK3568-5.10/buildroot/output/rockchip_atk_dlrk3568/host/aarch64-buildroot-linux-gnu/bin --enable-shared --disable-libgomp]
  ignore line: [Thread model: posix]
  ignore line: [Supported LTO compression algorithms: zlib]
  ignore line: [gcc version 10.4.0 (Buildroot linux-5.10-gen-rkr5.1-171-g28f581c008) ]
  ignore line: [COMPILER_PATH=/opt/atk-dlrk3568-5_10_sdk-toolchain/bin/../libexec/gcc/aarch64-buildroot-linux-gnu/10.4.0/:/opt/atk-dlrk3568-5_10_sdk-toolchain/bin/../libexec/gcc/:/opt/atk-dlrk3568-5_10_sdk-toolchain/bin/../lib/gcc/aarch64-buildroot-linux-gnu/10.4.0/../../../../aarch64-buildroot-linux-gnu/bin/]
  ignore line: [LIBRARY_PATH=/opt/atk-dlrk3568-5_10_sdk-toolchain/bin/../lib/gcc/aarch64-buildroot-linux-gnu/10.4.0/:/opt/atk-dlrk3568-5_10_sdk-toolchain/bin/../lib/gcc/:/opt/atk-dlrk3568-5_10_sdk-toolchain/bin/../lib/gcc/aarch64-buildroot-linux-gnu/10.4.0/../../../../aarch64-buildroot-linux-gnu/lib/../lib64/:/opt/atk-dlrk3568-5_10_sdk-toolchain/aarch64-buildroot-linux-gnu/sysroot/lib/../lib64/:/opt/atk-dlrk3568-5_10_sdk-toolchain/aarch64-buildroot-linux-gnu/sysroot/usr/lib/../lib64/:/opt/atk-dlrk3568-5_10_sdk-toolchain/bin/../lib/gcc/aarch64-buildroot-linux-gnu/10.4.0/../../../../aarch64-buildroot-linux-gnu/lib/:/opt/atk-dlrk3568-5_10_sdk-toolchain/aarch64-buildroot-linux-gnu/sysroot/lib/:/opt/atk-dlrk3568-5_10_sdk-toolchain/aarch64-buildroot-linux-gnu/sysroot/usr/lib/]
  ignore line: [COLLECT_GCC_OPTIONS='-fstack-protector-strong' '-fPIE' '-pie' '-v' '-rdynamic' '-o' 'cmTC_8393d' '-shared-libgcc' '-mcpu=cortex-a55' '-mlittle-endian' '-mabi=lp64']
  link line: [ /opt/atk-dlrk3568-5_10_sdk-toolchain/bin/../libexec/gcc/aarch64-buildroot-linux-gnu/10.4.0/collect2 -plugin /opt/atk-dlrk3568-5_10_sdk-toolchain/bin/../libexec/gcc/aarch64-buildroot-linux-gnu/10.4.0/liblto_plugin.so -plugin-opt=/opt/atk-dlrk3568-5_10_sdk-toolchain/bin/../libexec/gcc/aarch64-buildroot-linux-gnu/10.4.0/lto-wrapper -plugin-opt=-fresolution=/tmp/ccUNYIYh.res -plugin-opt=-pass-through=-lgcc_s -plugin-opt=-pass-through=-lgcc -plugin-opt=-pass-through=-lc -plugin-opt=-pass-through=-lgcc_s -plugin-opt=-pass-through=-lgcc --sysroot=/opt/atk-dlrk3568-5_10_sdk-toolchain/aarch64-buildroot-linux-gnu/sysroot --eh-frame-hdr -export-dynamic -dynamic-linker /lib/ld-linux-aarch64.so.1 -X -EL -maarch64linux -pie -o cmTC_8393d /opt/atk-dlrk3568-5_10_sdk-toolchain/aarch64-buildroot-linux-gnu/sysroot/lib/../lib64/Scrt1.o /opt/atk-dlrk3568-5_10_sdk-toolchain/aarch64-buildroot-linux-gnu/sysroot/lib/../lib64/crti.o /opt/atk-dlrk3568-5_10_sdk-toolchain/bin/../lib/gcc/aarch64-buildroot-linux-gnu/10.4.0/crtbeginS.o -L/opt/atk-dlrk3568-5_10_sdk-toolchain/bin/../lib/gcc/aarch64-buildroot-linux-gnu/10.4.0 -L/opt/atk-dlrk3568-5_10_sdk-toolchain/bin/../lib/gcc -L/opt/atk-dlrk3568-5_10_sdk-toolchain/bin/../lib/gcc/aarch64-buildroot-linux-gnu/10.4.0/../../../../aarch64-buildroot-linux-gnu/lib/../lib64 -L/opt/atk-dlrk3568-5_10_sdk-toolchain/aarch64-buildroot-linux-gnu/sysroot/lib/../lib64 -L/opt/atk-dlrk3568-5_10_sdk-toolchain/aarch64-buildroot-linux-gnu/sysroot/usr/lib/../lib64 -L/opt/atk-dlrk3568-5_10_sdk-toolchain/bin/../lib/gcc/aarch64-buildroot-linux-gnu/10.4.0/../../../../aarch64-buildroot-linux-gnu/lib -L/opt/atk-dlrk3568-5_10_sdk-toolchain/aarch64-buildroot-linux-gnu/sysroot/lib -L/opt/atk-dlrk3568-5_10_sdk-toolchain/aarch64-buildroot-linux-gnu/sysroot/usr/lib -z max-page-size=4096 -z common-page-size=4096 -z now -z relro CMakeFiles/cmTC_8393d.dir/CMakeCXXCompilerABI.cpp.o -lstdc++ -lm -lgcc_s -lgcc -lc -lgcc_s -lgcc /opt/atk-dlrk3568-5_10_sdk-toolchain/bin/../lib/gcc/aarch64-buildroot-linux-gnu/10.4.0/crtendS.o /opt/atk-dlrk3568-5_10_sdk-toolchain/aarch64-buildroot-linux-gnu/sysroot/lib/../lib64/crtn.o]
    arg [/opt/atk-dlrk3568-5_10_sdk-toolchain/bin/../libexec/gcc/aarch64-buildroot-linux-gnu/10.4.0/collect2] ==> ignore
    arg [-plugin] ==> ignore
    arg [/opt/atk-dlrk3568-5_10_sdk-toolchain/bin/../libexec/gcc/aarch64-buildroot-linux-gnu/10.4.0/liblto_plugin.so] ==> ignore
    arg [-plugin-opt=/opt/atk-dlrk3568-5_10_sdk-toolchain/bin/../libexec/gcc/aarch64-buildroot-linux-gnu/10.4.0/lto-wrapper] ==> ignore
    arg [-plugin-opt=-fresolution=/tmp/ccUNYIYh.res] ==> ignore
    arg [-plugin-opt=-pass-through=-lgcc_s] ==> ignore
    arg [-plugin-opt=-pass-through=-lgcc] ==> ignore
    arg [-plugin-opt=-pass-through=-lc] ==> ignore
    arg [-plugin-opt=-pass-through=-lgcc_s] ==> ignore
    arg [-plugin-opt=-pass-through=-lgcc] ==> ignore
    arg [--sysroot=/opt/atk-dlrk3568-5_10_sdk-toolchain/aarch64-buildroot-linux-gnu/sysroot] ==> ignore
    arg [--eh-frame-hdr] ==> ignore
    arg [-export-dynamic] ==> ignore
    arg [-dynamic-linker] ==> ignore
    arg [/lib/ld-linux-aarch64.so.1] ==> ignore
    arg [-X] ==> ignore
    arg [-EL] ==> ignore
    arg [-maarch64linux] ==> ignore
    arg [-pie] ==> ignore
    arg [-o] ==> ignore
    arg [cmTC_8393d] ==> ignore
    arg [/opt/atk-dlrk3568-5_10_sdk-toolchain/aarch64-buildroot-linux-gnu/sysroot/lib/../lib64/Scrt1.o] ==> ignore
    arg [/opt/atk-dlrk3568-5_10_sdk-toolchain/aarch64-buildroot-linux-gnu/sysroot/lib/../lib64/crti.o] ==> ignore
    arg [/opt/atk-dlrk3568-5_10_sdk-toolchain/bin/../lib/gcc/aarch64-buildroot-linux-gnu/10.4.0/crtbeginS.o] ==> ignore
    arg [-L/opt/atk-dlrk3568-5_10_sdk-toolchain/bin/../lib/gcc/aarch64-buildroot-linux-gnu/10.4.0] ==> dir [/opt/atk-dlrk3568-5_10_sdk-toolchain/bin/../lib/gcc/aarch64-buildroot-linux-gnu/10.4.0]
    arg [-L/opt/atk-dlrk3568-5_10_sdk-toolchain/bin/../lib/gcc] ==> dir [/opt/atk-dlrk3568-5_10_sdk-toolchain/bin/../lib/gcc]
    arg [-L/opt/atk-dlrk3568-5_10_sdk-toolchain/bin/../lib/gcc/aarch64-buildroot-linux-gnu/10.4.0/../../../../aarch64-buildroot-linux-gnu/lib/../lib64] ==> dir [/opt/atk-dlrk3568-5_10_sdk-toolchain/bin/../lib/gcc/aarch64-buildroot-linux-gnu/10.4.0/../../../../aarch64-buildroot-linux-gnu/lib/../lib64]
    arg [-L/opt/atk-dlrk3568-5_10_sdk-toolchain/aarch64-buildroot-linux-gnu/sysroot/lib/../lib64] ==> dir [/opt/atk-dlrk3568-5_10_sdk-toolchain/aarch64-buildroot-linux-gnu/sysroot/lib/../lib64]
    arg [-L/opt/atk-dlrk3568-5_10_sdk-toolchain/aarch64-buildroot-linux-gnu/sysroot/usr/lib/../lib64] ==> dir [/opt/atk-dlrk3568-5_10_sdk-toolchain/aarch64-buildroot-linux-gnu/sysroot/usr/lib/../lib64]
    arg [-L/opt/atk-dlrk3568-5_10_sdk-toolchain/bin/../lib/gcc/aarch64-buildroot-linux-gnu/10.4.0/../../../../aarch64-buildroot-linux-gnu/lib] ==> dir [/opt/atk-dlrk3568-5_10_sdk-toolchain/bin/../lib/gcc/aarch64-buildroot-linux-gnu/10.4.0/../../../../aarch64-buildroot-linux-gnu/lib]
    arg [-L/opt/atk-dlrk3568-5_10_sdk-toolchain/aarch64-buildroot-linux-gnu/sysroot/lib] ==> dir [/opt/atk-dlrk3568-5_10_sdk-toolchain/aarch64-buildroot-linux-gnu/sysroot/lib]
    arg [-L/opt/atk-dlrk3568-5_10_sdk-toolchain/aarch64-buildroot-linux-gnu/sysroot/usr/lib] ==> dir [/opt/atk-dlrk3568-5_10_sdk-toolchain/aarch64-buildroot-linux-gnu/sysroot/usr/lib]
    arg [-zmax-page-size=4096] ==> ignore
    arg [-zcommon-page-size=4096] ==> ignore
    arg [-znow] ==> ignore
    arg [-zrelro] ==> ignore
    arg [CMakeFiles/cmTC_8393d.dir/CMakeCXXCompilerABI.cpp.o] ==> ignore
    arg [-lstdc++] ==> lib [stdc++]
    arg [-lm] ==> lib [m]
    arg [-lgcc_s] ==> lib [gcc_s]
    arg [-lgcc] ==> lib [gcc]
    arg [-lc] ==> lib [c]
    arg [-lgcc_s] ==> lib [gcc_s]
    arg [-lgcc] ==> lib [gcc]
    arg [/opt/atk-dlrk3568-5_10_sdk-toolchain/bin/../lib/gcc/aarch64-buildroot-linux-gnu/10.4.0/crtendS.o] ==> ignore
    arg [/opt/atk-dlrk3568-5_10_sdk-toolchain/aarch64-buildroot-linux-gnu/sysroot/lib/../lib64/crtn.o] ==> ignore
  collapse library dir [/opt/atk-dlrk3568-5_10_sdk-toolchain/bin/../lib/gcc/aarch64-buildroot-linux-gnu/10.4.0] ==> [/opt/atk-dlrk3568-5_10_sdk-toolchain/lib/gcc/aarch64-buildroot-linux-gnu/10.4.0]
  collapse library dir [/opt/atk-dlrk3568-5_10_sdk-toolchain/bin/../lib/gcc] ==> [/opt/atk-dlrk3568-5_10_sdk-toolchain/lib/gcc]
  collapse library dir [/opt/atk-dlrk3568-5_10_sdk-toolchain/bin/../lib/gcc/aarch64-buildroot-linux-gnu/10.4.0/../../../../aarch64-buildroot-linux-gnu/lib/../lib64] ==> [/opt/atk-dlrk3568-5_10_sdk-toolchain/aarch64-buildroot-linux-gnu/lib64]
  collapse library dir [/opt/atk-dlrk3568-5_10_sdk-toolchain/aarch64-buildroot-linux-gnu/sysroot/lib/../lib64] ==> [/opt/atk-dlrk3568-5_10_sdk-toolchain/aarch64-buildroot-linux-gnu/sysroot/lib64]
  collapse library dir [/opt/atk-dlrk3568-5_10_sdk-toolchain/aarch64-buildroot-linux-gnu/sysroot/usr/lib/../lib64] ==> [/opt/atk-dlrk3568-5_10_sdk-toolchain/aarch64-buildroot-linux-gnu/sysroot/usr/lib64]
  collapse library dir [/opt/atk-dlrk3568-5_10_sdk-toolchain/bin/../lib/gcc/aarch64-buildroot-linux-gnu/10.4.0/../../../../aarch64-buildroot-linux-gnu/lib] ==> [/opt/atk-dlrk3568-5_10_sdk-toolchain/aarch64-buildroot-linux-gnu/lib]
  collapse library dir [/opt/atk-dlrk3568-5_10_sdk-toolchain/aarch64-buildroot-linux-gnu/sysroot/lib] ==> [/opt/atk-dlrk3568-5_10_sdk-toolchain/aarch64-buildroot-linux-gnu/sysroot/lib]
  collapse library dir [/opt/atk-dlrk3568-5_10_sdk-toolchain/aarch64-buildroot-linux-gnu/sysroot/usr/lib] ==> [/opt/atk-dlrk3568-5_10_sdk-toolchain/aarch64-buildroot-linux-gnu/sysroot/usr/lib]
  implicit libs: [stdc++;m;gcc_s;gcc;c;gcc_s;gcc]
  implicit dirs: [/opt/atk-dlrk3568-5_10_sdk-toolchain/lib/gcc/aarch64-buildroot-linux-gnu/10.4.0;/opt/atk-dlrk3568-5_10_sdk-toolchain/lib/gcc;/opt/atk-dlrk3568-5_10_sdk-toolchain/aarch64-buildroot-linux-gnu/lib64;/opt/atk-dlrk3568-5_10_sdk-toolchain/aarch64-buildroot-linux-gnu/sysroot/lib64;/opt/atk-dlrk3568-5_10_sdk-toolchain/aarch64-buildroot-linux-gnu/sysroot/usr/lib64;/opt/atk-dlrk3568-5_10_sdk-toolchain/aarch64-buildroot-linux-gnu/lib;/opt/atk-dlrk3568-5_10_sdk-toolchain/aarch64-buildroot-linux-gnu/sysroot/lib;/opt/atk-dlrk3568-5_10_sdk-toolchain/aarch64-buildroot-linux-gnu/sysroot/usr/lib]
  implicit fwks: []




Detecting CXX [-std=c++1z] compiler features compiled with the following output:
Change Dir: /home/ljl/rk3568/mpp-release/examples/v4l2-rtsp/.msys000000000014c00228e6a38f22a6abec/CMakeFiles/CMakeTmp

Run Build Command:"/usr/bin/make" "cmTC_ede9a/fast"
/usr/bin/make -f CMakeFiles/cmTC_ede9a.dir/build.make CMakeFiles/cmTC_ede9a.dir/build
make[1]: Entering directory '/home/ljl/rk3568/mpp-release/examples/v4l2-rtsp/.msys000000000014c00228e6a38f22a6abec/CMakeFiles/CMakeTmp'
Building CXX object CMakeFiles/cmTC_ede9a.dir/feature_tests.cxx.o
/opt/atk-dlrk3568-5_10_sdk-toolchain/bin/aarch64-buildroot-linux-gnu-g++  -DARMLINUX -D__gnu_linux__  -fPIC -std=c++1z -o CMakeFiles/cmTC_ede9a.dir/feature_tests.cxx.o -c /home/ljl/rk3568/mpp-release/examples/v4l2-rtsp/.msys000000000014c00228e6a38f22a6abec/CMakeFiles/feature_tests.cxx
Linking CXX executable cmTC_ede9a
/usr/bin/cmake -E cmake_link_script CMakeFiles/cmTC_ede9a.dir/link.txt --verbose=1
/opt/atk-dlrk3568-5_10_sdk-toolchain/bin/aarch64-buildroot-linux-gnu-g++       -rdynamic CMakeFiles/cmTC_ede9a.dir/feature_tests.cxx.o  -o cmTC_ede9a 
make[1]: Leaving directory '/home/ljl/rk3568/mpp-release/examples/v4l2-rtsp/.msys000000000014c00228e6a38f22a6abec/CMakeFiles/CMakeTmp'


    Feature record: CXX_FEATURE:1cxx_aggregate_default_initializers
    Feature record: CXX_FEATURE:1cxx_alias_templates
    Feature record: CXX_FEATURE:1cxx_alignas
    Feature record: CXX_FEATURE:1cxx_alignof
    Feature record: CXX_FEATURE:1cxx_attributes
    Feature record: CXX_FEATURE:1cxx_attribute_deprecated
    Feature record: CXX_FEATURE:1cxx_auto_type
    Feature record: CXX_FEATURE:1cxx_binary_literals
    Feature record: CXX_FEATURE:1cxx_constexpr
    Feature record: CXX_FEATURE:1cxx_contextual_conversions
    Feature record: CXX_FEATURE:1cxx_decltype
    Feature record: CXX_FEATURE:1cxx_decltype_auto
    Feature record: CXX_FEATURE:1cxx_decltype_incomplete_return_types
    Feature record: CXX_FEATURE:1cxx_default_function_template_args
    Feature record: CXX_FEATURE:1cxx_defaulted_functions
    Feature record: CXX_FEATURE:1cxx_defaulted_move_initializers
    Feature record: CXX_FEATURE:1cxx_delegating_constructors
    Feature record: CXX_FEATURE:1cxx_deleted_functions
    Feature record: CXX_FEATURE:1cxx_digit_separators
    Feature record: CXX_FEATURE:1cxx_enum_forward_declarations
    Feature record: CXX_FEATURE:1cxx_explicit_conversions
    Feature record: CXX_FEATURE:1cxx_extended_friend_declarations
    Feature record: CXX_FEATURE:1cxx_extern_templates
    Feature record: CXX_FEATURE:1cxx_final
    Feature record: CXX_FEATURE:1cxx_func_identifier
    Feature record: CXX_FEATURE:1cxx_generalized_initializers
    Feature record: CXX_FEATURE:1cxx_generic_lambdas
    Feature record: CXX_FEATURE:1cxx_inheriting_constructors
    Feature record: CXX_FEATURE:1cxx_inline_namespaces
    Feature record: CXX_FEATURE:1cxx_lambdas
    Feature record: CXX_FEATURE:1cxx_lambda_init_captures
    Feature record: CXX_FEATURE:1cxx_local_type_template_args
    Feature record: CXX_FEATURE:1cxx_long_long_type
    Feature record: CXX_FEATURE:1cxx_noexcept
    Feature record: CXX_FEATURE:1cxx_nonstatic_member_init
    Feature record: CXX_FEATURE:1cxx_nullptr
    Feature record: CXX_FEATURE:1cxx_override
    Feature record: CXX_FEATURE:1cxx_range_for
    Feature record: CXX_FEATURE:1cxx_raw_string_literals
    Feature record: CXX_FEATURE:1cxx_reference_qualified_functions
    Feature record: CXX_FEATURE:1cxx_relaxed_constexpr
    Feature record: CXX_FEATURE:1cxx_return_type_deduction
    Feature record: CXX_FEATURE:1cxx_right_angle_brackets
    Feature record: CXX_FEATURE:1cxx_rvalue_references
    Feature record: CXX_FEATURE:1cxx_sizeof_member
    Feature record: CXX_FEATURE:1cxx_static_assert
    Feature record: CXX_FEATURE:1cxx_strong_enums
    Feature record: CXX_FEATURE:1cxx_template_template_parameters
    Feature record: CXX_FEATURE:1cxx_thread_local
    Feature record: CXX_FEATURE:1cxx_trailing_return_types
    Feature record: CXX_FEATURE:1cxx_unicode_literals
    Feature record: CXX_FEATURE:1cxx_uniform_initialization
    Feature record: CXX_FEATURE:1cxx_unrestricted_unions
    Feature record: CXX_FEATURE:1cxx_user_literals
    Feature record: CXX_FEATURE:1cxx_variable_templates
    Feature record: CXX_FEATURE:1cxx_variadic_macros
    Feature record: CXX_FEATURE:1cxx_variadic_templates


Detecting CXX [-std=c++14] compiler features compiled with the following output:
Change Dir: /home/ljl/rk3568/mpp-release/examples/v4l2-rtsp/.msys000000000014c00228e6a38f22a6abec/CMakeFiles/CMakeTmp

Run Build Command:"/usr/bin/make" "cmTC_d5891/fast"
/usr/bin/make -f CMakeFiles/cmTC_d5891.dir/build.make CMakeFiles/cmTC_d5891.dir/build
make[1]: Entering directory '/home/ljl/rk3568/mpp-release/examples/v4l2-rtsp/.msys000000000014c00228e6a38f22a6abec/CMakeFiles/CMakeTmp'
Building CXX object CMakeFiles/cmTC_d5891.dir/feature_tests.cxx.o
/opt/atk-dlrk3568-5_10_sdk-toolchain/bin/aarch64-buildroot-linux-gnu-g++  -DARMLINUX -D__gnu_linux__  -fPIC -std=c++14 -o CMakeFiles/cmTC_d5891.dir/feature_tests.cxx.o -c /home/ljl/rk3568/mpp-release/examples/v4l2-rtsp/.msys000000000014c00228e6a38f22a6abec/CMakeFiles/feature_tests.cxx
Linking CXX executable cmTC_d5891
/usr/bin/cmake -E cmake_link_script CMakeFiles/cmTC_d5891.dir/link.txt --verbose=1
/opt/atk-dlrk3568-5_10_sdk-toolchain/bin/aarch64-buildroot-linux-gnu-g++       -rdynamic CMakeFiles/cmTC_d5891.dir/feature_tests.cxx.o  -o cmTC_d5891 
make[1]: Leaving directory '/home/ljl/rk3568/mpp-release/examples/v4l2-rtsp/.msys000000000014c00228e6a38f22a6abec/CMakeFiles/CMakeTmp'


    Feature record: CXX_FEATURE:1cxx_aggregate_default_initializers
    Feature record: CXX_FEATURE:1cxx_alias_templates
    Feature record: CXX_FEATURE:1cxx_alignas
    Feature record: CXX_FEATURE:1cxx_alignof
    Feature record: CXX_FEATURE:1cxx_attributes
    Feature record: CXX_FEATURE:1cxx_attribute_deprecated
    Feature record: CXX_FEATURE:1cxx_auto_type
    Feature record: CXX_FEATURE:1cxx_binary_literals
    Feature record: CXX_FEATURE:1cxx_constexpr
    Feature record: CXX_FEATURE:1cxx_contextual_conversions
    Feature record: CXX_FEATURE:1cxx_decltype
    Feature record: CXX_FEATURE:1cxx_decltype_auto
    Feature record: CXX_FEATURE:1cxx_decltype_incomplete_return_types
    Feature record: CXX_FEATURE:1cxx_default_function_template_args
    Feature record: CXX_FEATURE:1cxx_defaulted_functions
    Feature record: CXX_FEATURE:1cxx_defaulted_move_initializers
    Feature record: CXX_FEATURE:1cxx_delegating_constructors
    Feature record: CXX_FEATURE:1cxx_deleted_functions
    Feature record: CXX_FEATURE:1cxx_digit_separators
    Feature record: CXX_FEATURE:1cxx_enum_forward_declarations
    Feature record: CXX_FEATURE:1cxx_explicit_conversions
    Feature record: CXX_FEATURE:1cxx_extended_friend_declarations
    Feature record: CXX_FEATURE:1cxx_extern_templates
    Feature record: CXX_FEATURE:1cxx_final
    Feature record: CXX_FEATURE:1cxx_func_identifier
    Feature record: CXX_FEATURE:1cxx_generalized_initializers
    Feature record: CXX_FEATURE:1cxx_generic_lambdas
    Feature record: CXX_FEATURE:1cxx_inheriting_constructors
    Feature record: CXX_FEATURE:1cxx_inline_namespaces
    Feature record: CXX_FEATURE:1cxx_lambdas
    Feature record: CXX_FEATURE:1cxx_lambda_init_captures
    Feature record: CXX_FEATURE:1cxx_local_type_template_args
    Feature record: CXX_FEATURE:1cxx_long_long_type
    Feature record: CXX_FEATURE:1cxx_noexcept
    Feature record: CXX_FEATURE:1cxx_nonstatic_member_init
    Feature record: CXX_FEATURE:1cxx_nullptr
    Feature record: CXX_FEATURE:1cxx_override
    Feature record: CXX_FEATURE:1cxx_range_for
    Feature record: CXX_FEATURE:1cxx_raw_string_literals
    Feature record: CXX_FEATURE:1cxx_reference_qualified_functions
    Feature record: CXX_FEATURE:1cxx_relaxed_constexpr
    Feature record: CXX_FEATURE:1cxx_return_type_deduction
    Feature record: CXX_FEATURE:1cxx_right_angle_brackets
    Feature record: CXX_FEATURE:1cxx_rvalue_references
    Feature record: CXX_FEATURE:1cxx_sizeof_member
    Feature record: CXX_FEATURE:1cxx_static_assert
    Feature record: CXX_FEATURE:1cxx_strong_enums
    Feature record: CXX_FEATURE:1cxx_template_template_parameters
    Feature record: CXX_FEATURE:1cxx_thread_local
    Feature record: CXX_FEATURE:1cxx_trailing_return_types
    Feature record: CXX_FEATURE:1cxx_unicode_literals
    Feature record: CXX_FEATURE:1cxx_uniform_initialization
    Feature record: CXX_FEATURE:1cxx_unrestricted_unions
    Feature record: CXX_FEATURE:1cxx_user_literals
    Feature record: CXX_FEATURE:1cxx_variable_templates
    Feature record: CXX_FEATURE:1cxx_variadic_macros
    Feature record: CXX_FEATURE:1cxx_variadic_templates


Detecting CXX [-std=c++11] compiler features compiled with the following output:
Change Dir: /home/ljl/rk3568/mpp-release/examples/v4l2-rtsp/.msys000000000014c00228e6a38f22a6abec/CMakeFiles/CMakeTmp

Run Build Command:"/usr/bin/make" "cmTC_bc07d/fast"
/usr/bin/make -f CMakeFiles/cmTC_bc07d.dir/build.make CMakeFiles/cmTC_bc07d.dir/build
make[1]: Entering directory '/home/ljl/rk3568/mpp-release/examples/v4l2-rtsp/.msys000000000014c00228e6a38f22a6abec/CMakeFiles/CMakeTmp'
Building CXX object CMakeFiles/cmTC_bc07d.dir/feature_tests.cxx.o
/opt/atk-dlrk3568-5_10_sdk-toolchain/bin/aarch64-buildroot-linux-gnu-g++  -DARMLINUX -D__gnu_linux__  -fPIC -std=c++11 -o CMakeFiles/cmTC_bc07d.dir/feature_tests.cxx.o -c /home/ljl/rk3568/mpp-release/examples/v4l2-rtsp/.msys000000000014c00228e6a38f22a6abec/CMakeFiles/feature_tests.cxx
Linking CXX executable cmTC_bc07d
/usr/bin/cmake -E cmake_link_script CMakeFiles/cmTC_bc07d.dir/link.txt --verbose=1
/opt/atk-dlrk3568-5_10_sdk-toolchain/bin/aarch64-buildroot-linux-gnu-g++       -rdynamic CMakeFiles/cmTC_bc07d.dir/feature_tests.cxx.o  -o cmTC_bc07d 
make[1]: Leaving directory '/home/ljl/rk3568/mpp-release/examples/v4l2-rtsp/.msys000000000014c00228e6a38f22a6abec/CMakeFiles/CMakeTmp'


    Feature record: CXX_FEATURE:0cxx_aggregate_default_initializers
    Feature record: CXX_FEATURE:1cxx_alias_templates
    Feature record: CXX_FEATURE:1cxx_alignas
    Feature record: CXX_FEATURE:1cxx_alignof
    Feature record: CXX_FEATURE:1cxx_attributes
    Feature record: CXX_FEATURE:0cxx_attribute_deprecated
    Feature record: CXX_FEATURE:1cxx_auto_type
    Feature record: CXX_FEATURE:0cxx_binary_literals
    Feature record: CXX_FEATURE:1cxx_constexpr
    Feature record: CXX_FEATURE:0cxx_contextual_conversions
    Feature record: CXX_FEATURE:1cxx_decltype
    Feature record: CXX_FEATURE:0cxx_decltype_auto
    Feature record: CXX_FEATURE:1cxx_decltype_incomplete_return_types
    Feature record: CXX_FEATURE:1cxx_default_function_template_args
    Feature record: CXX_FEATURE:1cxx_defaulted_functions
    Feature record: CXX_FEATURE:1cxx_defaulted_move_initializers
    Feature record: CXX_FEATURE:1cxx_delegating_constructors
    Feature record: CXX_FEATURE:1cxx_deleted_functions
    Feature record: CXX_FEATURE:0cxx_digit_separators
    Feature record: CXX_FEATURE:1cxx_enum_forward_declarations
    Feature record: CXX_FEATURE:1cxx_explicit_conversions
    Feature record: CXX_FEATURE:1cxx_extended_friend_declarations
    Feature record: CXX_FEATURE:1cxx_extern_templates
    Feature record: CXX_FEATURE:1cxx_final
    Feature record: CXX_FEATURE:1cxx_func_identifier
    Feature record: CXX_FEATURE:1cxx_generalized_initializers
    Feature record: CXX_FEATURE:0cxx_generic_lambdas
    Feature record: CXX_FEATURE:1cxx_inheriting_constructors
    Feature record: CXX_FEATURE:1cxx_inline_namespaces
    Feature record: CXX_FEATURE:1cxx_lambdas
    Feature record: CXX_FEATURE:0cxx_lambda_init_captures
    Feature record: CXX_FEATURE:1cxx_local_type_template_args
    Feature record: CXX_FEATURE:1cxx_long_long_type
    Feature record: CXX_FEATURE:1cxx_noexcept
    Feature record: CXX_FEATURE:1cxx_nonstatic_member_init
    Feature record: CXX_FEATURE:1cxx_nullptr
    Feature record: CXX_FEATURE:1cxx_override
    Feature record: CXX_FEATURE:1cxx_range_for
    Feature record: CXX_FEATURE:1cxx_raw_string_literals
    Feature record: CXX_FEATURE:1cxx_reference_qualified_functions
    Feature record: CXX_FEATURE:0cxx_relaxed_constexpr
    Feature record: CXX_FEATURE:0cxx_return_type_deduction
    Feature record: CXX_FEATURE:1cxx_right_angle_brackets
    Feature record: CXX_FEATURE:1cxx_rvalue_references
    Feature record: CXX_FEATURE:1cxx_sizeof_member
    Feature record: CXX_FEATURE:1cxx_static_assert
    Feature record: CXX_FEATURE:1cxx_strong_enums
    Feature record: CXX_FEATURE:1cxx_template_template_parameters
    Feature record: CXX_FEATURE:1cxx_thread_local
    Feature record: CXX_FEATURE:1cxx_trailing_return_types
    Feature record: CXX_FEATURE:1cxx_unicode_literals
    Feature record: CXX_FEATURE:1cxx_uniform_initialization
    Feature record: CXX_FEATURE:1cxx_unrestricted_unions
    Feature record: CXX_FEATURE:1cxx_user_literals
    Feature record: CXX_FEATURE:0cxx_variable_templates
    Feature record: CXX_FEATURE:1cxx_variadic_macros
    Feature record: CXX_FEATURE:1cxx_variadic_templates


Detecting CXX [-std=c++98] compiler features compiled with the following output:
Change Dir: /home/ljl/rk3568/mpp-release/examples/v4l2-rtsp/.msys000000000014c00228e6a38f22a6abec/CMakeFiles/CMakeTmp

Run Build Command:"/usr/bin/make" "cmTC_466c4/fast"
/usr/bin/make -f CMakeFiles/cmTC_466c4.dir/build.make CMakeFiles/cmTC_466c4.dir/build
make[1]: Entering directory '/home/ljl/rk3568/mpp-release/examples/v4l2-rtsp/.msys000000000014c00228e6a38f22a6abec/CMakeFiles/CMakeTmp'
Building CXX object CMakeFiles/cmTC_466c4.dir/feature_tests.cxx.o
/opt/atk-dlrk3568-5_10_sdk-toolchain/bin/aarch64-buildroot-linux-gnu-g++  -DARMLINUX -D__gnu_linux__  -fPIC -std=c++98 -o CMakeFiles/cmTC_466c4.dir/feature_tests.cxx.o -c /home/ljl/rk3568/mpp-release/examples/v4l2-rtsp/.msys000000000014c00228e6a38f22a6abec/CMakeFiles/feature_tests.cxx
Linking CXX executable cmTC_466c4
/usr/bin/cmake -E cmake_link_script CMakeFiles/cmTC_466c4.dir/link.txt --verbose=1
/opt/atk-dlrk3568-5_10_sdk-toolchain/bin/aarch64-buildroot-linux-gnu-g++       -rdynamic CMakeFiles/cmTC_466c4.dir/feature_tests.cxx.o  -o cmTC_466c4 
make[1]: Leaving directory '/home/ljl/rk3568/mpp-release/examples/v4l2-rtsp/.msys000000000014c00228e6a38f22a6abec/CMakeFiles/CMakeTmp'


    Feature record: CXX_FEATURE:0cxx_aggregate_default_initializers
    Feature record: CXX_FEATURE:0cxx_alias_templates
    Feature record: CXX_FEATURE:0cxx_alignas
    Feature record: CXX_FEATURE:0cxx_alignof
    Feature record: CXX_FEATURE:0cxx_attributes
    Feature record: CXX_FEATURE:0cxx_attribute_deprecated
    Feature record: CXX_FEATURE:0cxx_auto_type
    Feature record: CXX_FEATURE:0cxx_binary_literals
    Feature record: CXX_FEATURE:0cxx_constexpr
    Feature record: CXX_FEATURE:0cxx_contextual_conversions
    Feature record: CXX_FEATURE:0cxx_decltype
    Feature record: CXX_FEATURE:0cxx_decltype_auto
    Feature record: CXX_FEATURE:0cxx_decltype_incomplete_return_types
    Feature record: CXX_FEATURE:0cxx_default_function_template_args
    Feature record: CXX_FEATURE:0cxx_defaulted_functions
    Feature record: CXX_FEATURE:0cxx_defaulted_move_initializers
    Feature record: CXX_FEATURE:0cxx_delegating_constructors
    Feature record: CXX_FEATURE:0cxx_deleted_functions
    Feature record: CXX_FEATURE:0cxx_digit_separators
    Feature record: CXX_FEATURE:0cxx_enum_forward_declarations
    Feature record: CXX_FEATURE:0cxx_explicit_conversions
    Feature record: CXX_FEATURE:0cxx_extended_friend_declarations
    Feature record: CXX_FEATURE:0cxx_extern_templates
    Feature record: CXX_FEATURE:0cxx_final
    Feature record: CXX_FEATURE:0cxx_func_identifier
    Feature record: CXX_FEATURE:0cxx_generalized_initializers
    Feature record: CXX_FEATURE:0cxx_generic_lambdas
    Feature record: CXX_FEATURE:0cxx_inheriting_constructors
    Feature record: CXX_FEATURE:0cxx_inline_namespaces
    Feature record: CXX_FEATURE:0cxx_lambdas
    Feature record: CXX_FEATURE:0cxx_lambda_init_captures
    Feature record: CXX_FEATURE:0cxx_local_type_template_args
    Feature record: CXX_FEATURE:0cxx_long_long_type
    Feature record: CXX_FEATURE:0cxx_noexcept
    Feature record: CXX_FEATURE:0cxx_nonstatic_member_init
    Feature record: CXX_FEATURE:0cxx_nullptr
    Feature record: CXX_FEATURE:0cxx_override
    Feature record: CXX_FEATURE:0cxx_range_for
    Feature record: CXX_FEATURE:0cxx_raw_string_literals
    Feature record: CXX_FEATURE:0cxx_reference_qualified_functions
    Feature record: CXX_FEATURE:0cxx_relaxed_constexpr
    Feature record: CXX_FEATURE:0cxx_return_type_deduction
    Feature record: CXX_FEATURE:0cxx_right_angle_brackets
    Feature record: CXX_FEATURE:0cxx_rvalue_references
    Feature record: CXX_FEATURE:0cxx_sizeof_member
    Feature record: CXX_FEATURE:0cxx_static_assert
    Feature record: CXX_FEATURE:0cxx_strong_enums
    Feature record: CXX_FEATURE:1cxx_template_template_parameters
    Feature record: CXX_FEATURE:0cxx_thread_local
    Feature record: CXX_FEATURE:0cxx_trailing_return_types
    Feature record: CXX_FEATURE:0cxx_unicode_literals
    Feature record: CXX_FEATURE:0cxx_uniform_initialization
    Feature record: CXX_FEATURE:0cxx_unrestricted_unions
    Feature record: CXX_FEATURE:0cxx_user_literals
    Feature record: CXX_FEATURE:0cxx_variable_templates
    Feature record: CXX_FEATURE:0cxx_variadic_macros
    Feature record: CXX_FEATURE:0cxx_variadic_templates
